2021-09-17 15:09:33.187 -03:00 [INF] Logger funcionado...
2021-09-17 15:09:33.242 -03:00 [INF] Starting...
2021-09-17 15:09:34.156 -03:00 [INF] User profile is available. Using 'C:\Users\junior\AppData\Local\ASP.NET\DataProtection-Keys' as key repository and Windows DPAPI to encrypt keys at rest.
2021-09-17 15:09:34.778 -03:00 [INF] Application started. Press Ctrl+C to shut down.
2021-09-17 15:09:34.780 -03:00 [INF] Hosting environment: Development
2021-09-17 15:09:34.790 -03:00 [INF] Content root path: C:\Users\junior\source\repos\coreClothes\coreClothes
2021-09-17 15:09:34.814 -03:00 [INF] Request starting HTTP/1.1 GET http://localhost:10386/ - -
2021-09-17 15:09:34.838 -03:00 [INF] Executing endpoint 'coreClothes.Controllers.HomeController.Index (coreClothes)'
2021-09-17 15:09:34.872 -03:00 [INF] Route matched with {action = "Index", controller = "Home", area = ""}. Executing controller action with signature Microsoft.AspNetCore.Mvc.IActionResult Index() on controller coreClothes.Controllers.HomeController (coreClothes).
2021-09-17 15:09:34.902 -03:00 [INF] Executing ViewResult, running view Index.
2021-09-17 15:09:34.986 -03:00 [INF] Executed ViewResult - view Index executed in 104.1296ms.
2021-09-17 15:09:34.990 -03:00 [INF] Executed action coreClothes.Controllers.HomeController.Index (coreClothes) in 116.3961ms
2021-09-17 15:09:34.993 -03:00 [INF] Executed endpoint 'coreClothes.Controllers.HomeController.Index (coreClothes)'
2021-09-17 15:09:35.012 -03:00 [INF] Request finished HTTP/1.1 GET http://localhost:10386/ - - - 200 - text/html;+charset=utf-8 199.3941ms
2021-09-17 15:09:35.065 -03:00 [INF] Request starting HTTP/1.1 GET http://localhost:10386/lib/molla/assets/css/bootstrap.min.css - -
2021-09-17 15:09:35.076 -03:00 [INF] Request starting HTTP/1.1 GET http://localhost:10386/assets/images/products/cart/product-2.jpg - -
2021-09-17 15:09:35.080 -03:00 [INF] Request starting HTTP/1.1 GET http://localhost:10386/lib/molla/assets/images/brands/2.png - -
2021-09-17 15:09:35.080 -03:00 [INF] Request starting HTTP/1.1 GET http://localhost:10386/lib/molla/assets/images/brands/1.png - -
2021-09-17 15:09:35.084 -03:00 [INF] Request finished HTTP/1.1 GET http://localhost:10386/lib/molla/assets/images/brands/1.png - - - 404 - - 4.5855ms
2021-09-17 15:09:35.085 -03:00 [INF] Request finished HTTP/1.1 GET http://localhost:10386/assets/images/products/cart/product-2.jpg - - - 404 - - 8.0364ms
2021-09-17 15:09:35.089 -03:00 [INF] Request finished HTTP/1.1 GET http://localhost:10386/lib/molla/assets/images/brands/2.png - - - 404 - - 8.8398ms
2021-09-17 15:09:35.149 -03:00 [INF] Request starting HTTP/1.1 GET http://localhost:10386/lib/molla/assets/fonts/molla0ab2.woff2?74273691 - -
2021-09-17 15:09:35.228 -03:00 [INF] Sending file. Request path: '/lib/molla/assets/css/bootstrap.min.css'. Physical path: 'C:\Users\junior\source\repos\coreClothes\coreClothes\wwwroot\lib\molla\assets\css\bootstrap.min.css'
2021-09-17 15:09:35.234 -03:00 [INF] Sending file. Request path: '/lib/molla/assets/fonts/molla0ab2.woff2'. Physical path: 'C:\Users\junior\source\repos\coreClothes\coreClothes\wwwroot\lib\molla\assets\fonts\molla0ab2.woff2'
2021-09-17 15:09:35.236 -03:00 [INF] Request finished HTTP/1.1 GET http://localhost:10386/lib/molla/assets/css/bootstrap.min.css - - - 0 155758 text/css 170.1538ms
2021-09-17 15:09:35.236 -03:00 [INF] Request finished HTTP/1.1 GET http://localhost:10386/lib/molla/assets/fonts/molla0ab2.woff2?74273691 - - - 0 134912 font/woff2 86.2348ms
2021-09-17 15:09:39.312 -03:00 [INF] Request starting HTTP/1.1 GET http://localhost:10386/Product/Index - -
2021-09-17 15:09:39.314 -03:00 [INF] Executing endpoint 'coreClothes.Controllers.ProductController.Index (coreClothes)'
2021-09-17 15:09:39.316 -03:00 [INF] Route matched with {action = "Index", controller = "Product", area = ""}. Executing controller action with signature Microsoft.AspNetCore.Mvc.IActionResult Index() on controller coreClothes.Controllers.ProductController (coreClothes).
2021-09-17 15:09:39.326 -03:00 [INF] Executing ViewResult, running view Index.
2021-09-17 15:09:39.344 -03:00 [INF] Executed ViewResult - view Index executed in 25.8636ms.
2021-09-17 15:09:39.349 -03:00 [INF] Executed action coreClothes.Controllers.ProductController.Index (coreClothes) in 31.6301ms
2021-09-17 15:09:39.352 -03:00 [INF] Executed endpoint 'coreClothes.Controllers.ProductController.Index (coreClothes)'
2021-09-17 15:09:39.355 -03:00 [INF] Request finished HTTP/1.1 GET http://localhost:10386/Product/Index - - - 200 - text/html;+charset=utf-8 43.4993ms
2021-09-17 15:09:39.368 -03:00 [INF] Request starting HTTP/1.1 GET http://localhost:10386/Product/assets/images/products/cart/product-2.jpg - -
2021-09-17 15:09:39.374 -03:00 [INF] Request finished HTTP/1.1 GET http://localhost:10386/Product/assets/images/products/cart/product-2.jpg - - - 404 - - 5.5355ms
2021-09-17 15:09:39.376 -03:00 [INF] Request starting HTTP/1.1 GET http://localhost:10386/lib/molla/assets/images/products/product-4.jpg - -
2021-09-17 15:09:39.391 -03:00 [INF] Request starting HTTP/1.1 GET http://localhost:10386/lib/molla/assets/images/products/product-5.jpg - -
2021-09-17 15:09:39.482 -03:00 [INF] Sending file. Request path: '/lib/molla/assets/images/products/product-4.jpg'. Physical path: 'C:\Users\junior\source\repos\coreClothes\coreClothes\wwwroot\lib\molla\assets\images\products\product-4.jpg'
2021-09-17 15:09:39.493 -03:00 [INF] Request finished HTTP/1.1 GET http://localhost:10386/lib/molla/assets/images/products/product-4.jpg - - - 0 52622 image/jpeg 116.8239ms
2021-09-17 15:09:39.516 -03:00 [INF] Sending file. Request path: '/lib/molla/assets/images/products/product-5.jpg'. Physical path: 'C:\Users\junior\source\repos\coreClothes\coreClothes\wwwroot\lib\molla\assets\images\products\product-5.jpg'
2021-09-17 15:09:39.517 -03:00 [INF] Request finished HTTP/1.1 GET http://localhost:10386/lib/molla/assets/images/products/product-5.jpg - - - 0 33168 image/jpeg 126.7894ms
2021-09-17 15:09:43.524 -03:00 [INF] Request starting HTTP/1.1 GET http://localhost:10386/Product/Details - -
2021-09-17 15:09:43.526 -03:00 [INF] Executing endpoint 'coreClothes.Controllers.ProductController.Details (coreClothes)'
2021-09-17 15:09:43.528 -03:00 [INF] Route matched with {action = "Details", controller = "Product", area = ""}. Executing controller action with signature Microsoft.AspNetCore.Mvc.IActionResult Details() on controller coreClothes.Controllers.ProductController (coreClothes).
2021-09-17 15:09:43.532 -03:00 [INF] Executing ViewResult, running view Details.
2021-09-17 15:09:43.545 -03:00 [INF] Executed ViewResult - view Details executed in 15.0598ms.
2021-09-17 15:09:43.546 -03:00 [INF] Executed action coreClothes.Controllers.ProductController.Details (coreClothes) in 16.5681ms
2021-09-17 15:09:43.548 -03:00 [INF] Executed endpoint 'coreClothes.Controllers.ProductController.Details (coreClothes)'
2021-09-17 15:09:43.550 -03:00 [INF] Request finished HTTP/1.1 GET http://localhost:10386/Product/Details - - - 200 - text/html;+charset=utf-8 25.7796ms
2021-09-17 15:09:43.578 -03:00 [INF] Request starting HTTP/1.1 GET http://localhost:10386/Product/assets/images/products/cart/product-2.jpg - -
2021-09-17 15:09:43.584 -03:00 [INF] Request finished HTTP/1.1 GET http://localhost:10386/Product/assets/images/products/cart/product-2.jpg - - - 404 - - 5.4591ms
2021-09-17 15:09:43.588 -03:00 [INF] Request starting HTTP/1.1 GET http://localhost:10386/lib/molla/assets/images/products/single/1.jpg - -
2021-09-17 15:09:43.650 -03:00 [INF] Sending file. Request path: '/lib/molla/assets/images/products/single/1.jpg'. Physical path: 'C:\Users\junior\source\repos\coreClothes\coreClothes\wwwroot\lib\molla\assets\images\products\single\1.jpg'
2021-09-17 15:09:43.651 -03:00 [INF] Request finished HTTP/1.1 GET http://localhost:10386/lib/molla/assets/images/products/single/1.jpg - - - 0 130703 image/jpeg 62.9816ms
