2021-09-11 08:00:13.972 -03:00 [INF] Logger funcionado...
2021-09-11 08:00:14.027 -03:00 [INF] Starting...
2021-09-11 08:00:15.876 -03:00 [INF] User profile is available. Using 'C:\Users\junior\AppData\Local\ASP.NET\DataProtection-Keys' as key repository and Windows DPAPI to encrypt keys at rest.
2021-09-11 08:00:15.892 -03:00 [INF] Creating key {a6d94abc-99e6-46fc-a760-0f4064ed9be1} with creation date 2021-09-11 11:00:15Z, activation date 2021-09-11 11:00:15Z, and expiration date 2021-12-10 11:00:15Z.
2021-09-11 08:00:15.944 -03:00 [INF] Writing data to file 'C:\Users\junior\AppData\Local\ASP.NET\DataProtection-Keys\key-a6d94abc-99e6-46fc-a760-0f4064ed9be1.xml'.
2021-09-11 08:00:16.815 -03:00 [INF] Application started. Press Ctrl+C to shut down.
2021-09-11 08:00:16.817 -03:00 [INF] Hosting environment: Development
2021-09-11 08:00:16.819 -03:00 [INF] Content root path: C:\Users\junior\source\repos\coreClothes\coreClothes
2021-09-11 08:00:16.874 -03:00 [INF] Request starting HTTP/1.1 GET http://localhost:10386/ - -
2021-09-11 08:00:16.895 -03:00 [INF] Executing endpoint 'coreClothes.Controllers.HomeController.Index (coreClothes)'
2021-09-11 08:00:16.933 -03:00 [INF] Route matched with {action = "Index", controller = "Home"}. Executing controller action with signature Microsoft.AspNetCore.Mvc.IActionResult Index() on controller coreClothes.Controllers.HomeController (coreClothes).
2021-09-11 08:00:16.989 -03:00 [INF] Executing ViewResult, running view Index.
2021-09-11 08:00:17.130 -03:00 [INF] Executed ViewResult - view Index executed in 184.293ms.
2021-09-11 08:00:17.133 -03:00 [INF] Executed action coreClothes.Controllers.HomeController.Index (coreClothes) in 198.0546ms
2021-09-11 08:00:17.139 -03:00 [INF] Executed endpoint 'coreClothes.Controllers.HomeController.Index (coreClothes)'
2021-09-11 08:00:17.150 -03:00 [INF] Request finished HTTP/1.1 GET http://localhost:10386/ - - - 200 - text/html;+charset=utf-8 277.3931ms
2021-09-11 08:00:17.176 -03:00 [INF] Request starting HTTP/1.1 GET http://localhost:10386/lib/bootstrap/dist/css/bootstrap.min.css - -
2021-09-11 08:00:17.177 -03:00 [INF] Request starting HTTP/1.1 GET http://localhost:10386/lib/bootstrap/dist/js/bootstrap.bundle.min.js - -
2021-09-11 08:00:17.193 -03:00 [INF] Request starting HTTP/1.1 GET http://localhost:10386/js/site.js?v=4q1jwFhaPaZgr8WAUSrux6hAuh0XDg9kPS3xIVq36I0 - -
2021-09-11 08:00:17.176 -03:00 [INF] Request starting HTTP/1.1 GET http://localhost:10386/css/site.css - -
2021-09-11 08:00:17.176 -03:00 [INF] Request starting HTTP/1.1 GET http://localhost:10386/lib/jquery/dist/jquery.min.js - -
2021-09-11 08:00:17.213 -03:00 [INF] Sending file. Request path: '/js/site.js'. Physical path: 'C:\Users\junior\source\repos\coreClothes\coreClothes\wwwroot\js\site.js'
2021-09-11 08:00:17.218 -03:00 [INF] Sending file. Request path: '/css/site.css'. Physical path: 'C:\Users\junior\source\repos\coreClothes\coreClothes\wwwroot\css\site.css'
2021-09-11 08:00:17.230 -03:00 [INF] Request finished HTTP/1.1 GET http://localhost:10386/css/site.css - - - 200 1417 text/css 54.4101ms
2021-09-11 08:00:17.238 -03:00 [INF] Request finished HTTP/1.1 GET http://localhost:10386/js/site.js?v=4q1jwFhaPaZgr8WAUSrux6hAuh0XDg9kPS3xIVq36I0 - - - 200 230 application/javascript 44.2941ms
2021-09-11 08:00:17.242 -03:00 [INF] Sending file. Request path: '/lib/bootstrap/dist/css/bootstrap.min.css'. Physical path: 'C:\Users\junior\source\repos\coreClothes\coreClothes\wwwroot\lib\bootstrap\dist\css\bootstrap.min.css'
2021-09-11 08:00:17.249 -03:00 [INF] Request finished HTTP/1.1 GET http://localhost:10386/lib/bootstrap/dist/css/bootstrap.min.css - - - 200 155764 text/css 73.3289ms
2021-09-11 08:00:17.254 -03:00 [INF] Sending file. Request path: '/lib/bootstrap/dist/js/bootstrap.bundle.min.js'. Physical path: 'C:\Users\junior\source\repos\coreClothes\coreClothes\wwwroot\lib\bootstrap\dist\js\bootstrap.bundle.min.js'
2021-09-11 08:00:17.256 -03:00 [INF] Sending file. Request path: '/lib/jquery/dist/jquery.min.js'. Physical path: 'C:\Users\junior\source\repos\coreClothes\coreClothes\wwwroot\lib\jquery\dist\jquery.min.js'
2021-09-11 08:00:17.258 -03:00 [INF] Request finished HTTP/1.1 GET http://localhost:10386/lib/bootstrap/dist/js/bootstrap.bundle.min.js - - - 200 78641 application/javascript 81.6764ms
2021-09-11 08:00:17.264 -03:00 [INF] Request finished HTTP/1.1 GET http://localhost:10386/lib/jquery/dist/jquery.min.js - - - 200 89476 application/javascript 87.4373ms
2021-09-11 08:00:17.288 -03:00 [INF] Request starting HTTP/1.1 GET http://localhost:10386/favicon.ico - -
2021-09-11 08:00:17.295 -03:00 [INF] Sending file. Request path: '/favicon.ico'. Physical path: 'C:\Users\junior\source\repos\coreClothes\coreClothes\wwwroot\favicon.ico'
2021-09-11 08:00:17.298 -03:00 [INF] Request finished HTTP/1.1 GET http://localhost:10386/favicon.ico - - - 200 5430 image/x-icon 9.8389ms
2021-09-11 08:01:26.702 -03:00 [INF] Logger funcionado...
2021-09-11 08:01:26.760 -03:00 [INF] Starting...
2021-09-11 08:01:27.493 -03:00 [INF] User profile is available. Using 'C:\Users\junior\AppData\Local\ASP.NET\DataProtection-Keys' as key repository and Windows DPAPI to encrypt keys at rest.
2021-09-11 08:01:27.791 -03:00 [INF] Application started. Press Ctrl+C to shut down.
2021-09-11 08:01:27.792 -03:00 [INF] Hosting environment: Development
2021-09-11 08:01:27.794 -03:00 [INF] Content root path: C:\Users\junior\source\repos\coreClothes\coreClothes
2021-09-11 08:01:27.825 -03:00 [INF] Request starting HTTP/1.1 GET http://localhost:10386/ - -
2021-09-11 08:01:27.843 -03:00 [INF] Executing endpoint 'coreClothes.Controllers.HomeController.Index (coreClothes)'
2021-09-11 08:01:27.876 -03:00 [INF] Route matched with {action = "Index", controller = "Home"}. Executing controller action with signature Microsoft.AspNetCore.Mvc.IActionResult Index() on controller coreClothes.Controllers.HomeController (coreClothes).
2021-09-11 08:01:27.909 -03:00 [INF] Executing ViewResult, running view Index.
2021-09-11 08:01:28.002 -03:00 [INF] Executed ViewResult - view Index executed in 115.2324ms.
2021-09-11 08:01:28.005 -03:00 [INF] Executed action coreClothes.Controllers.HomeController.Index (coreClothes) in 127.6059ms
2021-09-11 08:01:28.008 -03:00 [INF] Executed endpoint 'coreClothes.Controllers.HomeController.Index (coreClothes)'
2021-09-11 08:01:28.014 -03:00 [INF] Request finished HTTP/1.1 GET http://localhost:10386/ - - - 200 - text/html;+charset=utf-8 190.7830ms
2021-09-11 08:01:28.038 -03:00 [INF] Request starting HTTP/1.1 GET http://localhost:10386/lib/bootstrap/dist/css/bootstrap.min.css - -
2021-09-11 08:01:28.038 -03:00 [INF] Request starting HTTP/1.1 GET http://localhost:10386/css/site.css - -
2021-09-11 08:01:28.079 -03:00 [INF] Request starting HTTP/1.1 GET http://localhost:10386/lib/bootstrap/dist/js/bootstrap.bundle.min.js - -
2021-09-11 08:01:28.080 -03:00 [INF] Request starting HTTP/1.1 GET http://localhost:10386/lib/jquery/dist/jquery.min.js - -
2021-09-11 08:01:28.081 -03:00 [INF] Request starting HTTP/1.1 GET http://localhost:10386/js/site.js?v=4q1jwFhaPaZgr8WAUSrux6hAuh0XDg9kPS3xIVq36I0 - -
2021-09-11 08:01:28.087 -03:00 [INF] The file /js/site.js was not modified
2021-09-11 08:01:28.087 -03:00 [INF] The file /css/site.css was not modified
2021-09-11 08:01:28.087 -03:00 [INF] The file /lib/bootstrap/dist/css/bootstrap.min.css was not modified
2021-09-11 08:01:28.087 -03:00 [INF] The file /lib/bootstrap/dist/js/bootstrap.bundle.min.js was not modified
2021-09-11 08:01:28.087 -03:00 [INF] The file /lib/jquery/dist/jquery.min.js was not modified
2021-09-11 08:01:28.096 -03:00 [INF] Request finished HTTP/1.1 GET http://localhost:10386/lib/bootstrap/dist/js/bootstrap.bundle.min.js - - - 304 - application/javascript 17.2521ms
2021-09-11 08:01:28.096 -03:00 [INF] Request finished HTTP/1.1 GET http://localhost:10386/css/site.css - - - 304 - text/css 57.4571ms
2021-09-11 08:01:28.097 -03:00 [INF] Request finished HTTP/1.1 GET http://localhost:10386/lib/bootstrap/dist/css/bootstrap.min.css - - - 304 - text/css 58.2423ms
2021-09-11 08:01:28.096 -03:00 [INF] Request finished HTTP/1.1 GET http://localhost:10386/js/site.js?v=4q1jwFhaPaZgr8WAUSrux6hAuh0XDg9kPS3xIVq36I0 - - - 304 - application/javascript 15.9829ms
2021-09-11 08:01:28.097 -03:00 [INF] Request finished HTTP/1.1 GET http://localhost:10386/lib/jquery/dist/jquery.min.js - - - 304 - application/javascript 16.3164ms
2021-09-11 08:02:00.426 -03:00 [INF] Logger funcionado...
2021-09-11 08:02:00.498 -03:00 [INF] Starting...
2021-09-11 08:02:01.235 -03:00 [INF] User profile is available. Using 'C:\Users\junior\AppData\Local\ASP.NET\DataProtection-Keys' as key repository and Windows DPAPI to encrypt keys at rest.
2021-09-11 08:02:01.547 -03:00 [INF] Application started. Press Ctrl+C to shut down.
2021-09-11 08:02:01.548 -03:00 [INF] Hosting environment: Development
2021-09-11 08:02:01.550 -03:00 [INF] Content root path: C:\Users\junior\source\repos\coreClothes\coreClothes
2021-09-11 08:02:01.588 -03:00 [INF] Request starting HTTP/1.1 GET http://localhost:10386/ - -
2021-09-11 08:02:01.607 -03:00 [INF] Executing endpoint 'coreClothes.Controllers.HomeController.Index (coreClothes)'
2021-09-11 08:02:01.638 -03:00 [INF] Route matched with {action = "Index", controller = "Home"}. Executing controller action with signature Microsoft.AspNetCore.Mvc.IActionResult Index() on controller coreClothes.Controllers.HomeController (coreClothes).
2021-09-11 08:02:01.674 -03:00 [INF] Executing ViewResult, running view Index.
2021-09-11 08:02:01.770 -03:00 [INF] Executed ViewResult - view Index executed in 117.9133ms.
2021-09-11 08:02:01.775 -03:00 [INF] Executed action coreClothes.Controllers.HomeController.Index (coreClothes) in 133.9647ms
2021-09-11 08:02:01.777 -03:00 [INF] Executed endpoint 'coreClothes.Controllers.HomeController.Index (coreClothes)'
2021-09-11 08:02:01.789 -03:00 [INF] Request finished HTTP/1.1 GET http://localhost:10386/ - - - 200 - text/html;+charset=utf-8 203.5018ms
2021-09-11 08:02:01.813 -03:00 [INF] Request starting HTTP/1.1 GET http://localhost:10386/lib/bootstrap/dist/js/bootstrap.bundle.min.js - -
2021-09-11 08:02:01.828 -03:00 [INF] Request starting HTTP/1.1 GET http://localhost:10386/css/site.css - -
2021-09-11 08:02:01.829 -03:00 [INF] Request starting HTTP/1.1 GET http://localhost:10386/lib/jquery/dist/jquery.min.js - -
2021-09-11 08:02:01.829 -03:00 [INF] Request starting HTTP/1.1 GET http://localhost:10386/lib/bootstrap/dist/css/bootstrap.min.css - -
2021-09-11 08:02:01.831 -03:00 [INF] Request starting HTTP/1.1 GET http://localhost:10386/js/site.js?v=4q1jwFhaPaZgr8WAUSrux6hAuh0XDg9kPS3xIVq36I0 - -
2021-09-11 08:02:01.837 -03:00 [INF] The file /lib/bootstrap/dist/js/bootstrap.bundle.min.js was not modified
2021-09-11 08:02:01.839 -03:00 [INF] The file /js/site.js was not modified
2021-09-11 08:02:01.837 -03:00 [INF] The file /lib/bootstrap/dist/css/bootstrap.min.css was not modified
2021-09-11 08:02:01.838 -03:00 [INF] The file /lib/jquery/dist/jquery.min.js was not modified
2021-09-11 08:02:01.838 -03:00 [INF] The file /css/site.css was not modified
2021-09-11 08:02:01.846 -03:00 [INF] Request finished HTTP/1.1 GET http://localhost:10386/js/site.js?v=4q1jwFhaPaZgr8WAUSrux6hAuh0XDg9kPS3xIVq36I0 - - - 304 - application/javascript 16.1987ms
2021-09-11 08:02:01.846 -03:00 [INF] Request finished HTTP/1.1 GET http://localhost:10386/lib/bootstrap/dist/css/bootstrap.min.css - - - 304 - text/css 16.9905ms
2021-09-11 08:02:01.846 -03:00 [INF] Request finished HTTP/1.1 GET http://localhost:10386/lib/bootstrap/dist/js/bootstrap.bundle.min.js - - - 304 - application/javascript 33.1260ms
2021-09-11 08:02:01.846 -03:00 [INF] Request finished HTTP/1.1 GET http://localhost:10386/lib/jquery/dist/jquery.min.js - - - 304 - application/javascript 17.0377ms
2021-09-11 08:02:01.846 -03:00 [INF] Request finished HTTP/1.1 GET http://localhost:10386/css/site.css - - - 304 - text/css 17.9659ms
